This file contains any messages produced by compilers while
running configure, to aid debugging if configure makes a mistake.

It was created by configure, which was
generated by GNU Autoconf 2.68.  Invocation command line was

  $ ./configure 

## --------- ##
## Platform. ##
## --------- ##

hostname = yanl1229-Vostro-3653
uname -m = x86_64
uname -r = 4.15.0-37-generic
uname -s = Linux
uname -v = #40-Ubuntu SMP Tue Oct 2 15:36:54 UTC 2018

/usr/bin/uname -p = unknown
/bin/uname -X     = unknown

/bin/arch              = unknown
/usr/bin/arch -k       = unknown
/usr/convex/getsysinfo = unknown
/usr/bin/hostinfo      = unknown
/bin/machine           = unknown
/usr/bin/oslevel       = unknown
/bin/universe          = unknown

PATH: /home/yanl1229/bin
PATH: /home/yanl1229/.local/bin
PATH: /usr/local/sbin
PATH: /usr/local/bin
PATH: /usr/sbin
PATH: /usr/bin
PATH: /sbin
PATH: /bin
PATH: /usr/games
PATH: /usr/local/games
PATH: /snap/bin
PATH: /home/yanl1229/Qt5.7.0/5.7/gcc_64/bin
PATH: /opt/usr/local/arm/3.4.1/bin
PATH: /home/yanl1229/.tq-linaro-toolchain/bin
PATH: /home/yanl1229/


## ----------- ##
## Core tests. ##
## ----------- ##

configure:2656: checking for a BSD-compatible install
configure:2724: result: /usr/bin/install -c
configure:2735: checking whether build environment is sane
configure:2785: result: yes
configure:2926: checking for a thread-safe mkdir -p
configure:2965: result: /bin/mkdir -p
configure:2978: checking for gawk
configure:2994: found /usr/bin/gawk
configure:3005: result: gawk
configure:3016: checking whether make sets $(MAKE)
configure:3038: result: yes
configure:3169: checking for gcc
configure:3185: found /usr/bin/gcc
configure:3196: result: gcc
configure:3425: checking for C compiler version
configure:3434: gcc --version >&5
gcc (Ubuntu 7.3.0-27ubuntu1~18.04) 7.3.0
Copyright (C) 2017 Free Software Foundation, Inc.
This is free software; see the source for copying conditions.  There is NO
warranty; not even for MERCHANTABILITY or FITNESS FOR A PARTICULAR PURPOSE.

configure:3445: $? = 0
configure:3434: gcc -v >&5
Using built-in specs.
COLLECT_GCC=gcc
COLLECT_LTO_WRAPPER=/usr/lib/gcc/x86_64-linux-gnu/7/lto-wrapper
OFFLOAD_TARGET_NAMES=nvptx-none
OFFLOAD_TARGET_DEFAULT=1
Target: x86_64-linux-gnu
Configured with: ../src/configure -v --with-pkgversion='Ubuntu 7.3.0-27ubuntu1~18.04' --with-bugurl=file:///usr/share/doc/gcc-7/README.Bugs --enable-languages=c,ada,c++,go,brig,d,fortran,objc,obj-c++ --prefix=/usr --with-gcc-major-version-only --program-suffix=-7 --program-prefix=x86_64-linux-gnu- --enable-shared --enable-linker-build-id --libexecdir=/usr/lib --without-included-gettext --enable-threads=posix --libdir=/usr/lib --enable-nls --with-sysroot=/ --enable-clocale=gnu --enable-libstdcxx-debug --enable-libstdcxx-time=yes --with-default-libstdcxx-abi=new --enable-gnu-unique-object --disable-vtable-verify --enable-libmpx --enable-plugin --enable-default-pie --with-system-zlib --with-target-system-zlib --enable-objc-gc=auto --enable-multiarch --disable-werror --with-arch-32=i686 --with-abi=m64 --with-multilib-list=m32,m64,mx32 --enable-multilib --with-tune=generic --enable-offload-targets=nvptx-none --without-cuda-driver --enable-checking=release --build=x86_64-linux-gnu --host=x86_64-linux-gnu --target=x86_64-linux-gnu
Thread model: posix
gcc version 7.3.0 (Ubuntu 7.3.0-27ubuntu1~18.04) 
configure:3445: $? = 0
configure:3434: gcc -V >&5
gcc: error: unrecognized command line option '-V'
gcc: fatal error: no input files
compilation terminated.
configure:3445: $? = 1
configure:3434: gcc -qversion >&5
gcc: error: unrecognized command line option '-qversion'; did you mean '--version'?
gcc: fatal error: no input files
compilation terminated.
configure:3445: $? = 1
configure:3465: checking whether the C compiler works
configure:3487: gcc    conftest.c  >&5
configure:3491: $? = 0
configure:3539: result: yes
configure:3542: checking for C compiler default output file name
configure:3544: result: a.out
configure:3550: checking for suffix of executables
configure:3557: gcc -o conftest    conftest.c  >&5
configure:3561: $? = 0
configure:3583: result: 
configure:3605: checking whether we are cross compiling
configure:3613: gcc -o conftest    conftest.c  >&5
configure:3617: $? = 0
configure:3624: ./conftest
configure:3628: $? = 0
configure:3643: result: no
configure:3648: checking for suffix of object files
configure:3670: gcc -c   conftest.c >&5
configure:3674: $? = 0
configure:3695: result: o
configure:3699: checking whether we are using the GNU C compiler
configure:3718: gcc -c   conftest.c >&5
configure:3718: $? = 0
configure:3727: result: yes
configure:3736: checking whether gcc accepts -g
configure:3756: gcc -c -g  conftest.c >&5
configure:3756: $? = 0
configure:3797: result: yes
configure:3814: checking for gcc option to accept ISO C89
configure:3878: gcc  -c -g  conftest.c >&5
configure:3878: $? = 0
configure:3891: result: none needed
configure:3922: checking for style of include used by make
configure:3950: result: GNU
configure:3975: checking dependency style of gcc
configure:4085: result: gcc3
configure:4177: checking build system type
configure:4191: result: x86_64-unknown-linux-gnu
configure:4211: checking host system type
configure:4224: result: x86_64-unknown-linux-gnu
configure:4244: checking for a sed that does not truncate output
configure:4300: result: /bin/sed
configure:4303: checking for grep that handles long lines and -e
configure:4361: result: /bin/grep
configure:4366: checking for egrep
configure:4428: result: /bin/grep -E
configure:4444: checking for ld used by gcc
configure:4511: result: /usr/bin/ld
configure:4518: checking if the linker (/usr/bin/ld) is GNU ld
configure:4533: result: yes
configure:4538: checking for /usr/bin/ld option to reload object files
configure:4545: result: -r
configure:4563: checking for BSD-compatible nm
configure:4612: result: /usr/bin/nm -B
configure:4616: checking whether ln -s works
configure:4620: result: yes
configure:4627: checking how to recognize dependent libraries
configure:4813: result: pass_all
configure:4902: gcc -c -g  conftest.c >&5
configure:4905: $? = 0
configure:5033: checking how to run the C preprocessor
configure:5064: gcc -E  conftest.c
configure:5064: $? = 0
configure:5078: gcc -E  conftest.c
conftest.c:11:10: fatal error: ac_nonexistent.h: No such file or directory
 #include <ac_nonexistent.h>
          ^~~~~~~~~~~~~~~~~~
compilation terminated.
configure:5078: $? = 1
configure: failed program was:
| /* confdefs.h */
| #define PACKAGE_NAME ""
| #define PACKAGE_TARNAME ""
| #define PACKAGE_VERSION ""
| #define PACKAGE_STRING ""
| #define PACKAGE_BUGREPORT ""
| #define PACKAGE_URL ""
| #define PACKAGE "salsa-lib"
| #define VERSION "0.1.3"
| /* end confdefs.h.  */
| #include <ac_nonexistent.h>
configure:5103: result: gcc -E
configure:5123: gcc -E  conftest.c
configure:5123: $? = 0
configure:5137: gcc -E  conftest.c
conftest.c:11:10: fatal error: ac_nonexistent.h: No such file or directory
 #include <ac_nonexistent.h>
          ^~~~~~~~~~~~~~~~~~
compilation terminated.
configure:5137: $? = 1
configure: failed program was:
| /* confdefs.h */
| #define PACKAGE_NAME ""
| #define PACKAGE_TARNAME ""
| #define PACKAGE_VERSION ""
| #define PACKAGE_STRING ""
| #define PACKAGE_BUGREPORT ""
| #define PACKAGE_URL ""
| #define PACKAGE "salsa-lib"
| #define VERSION "0.1.3"
| /* end confdefs.h.  */
| #include <ac_nonexistent.h>
configure:5166: checking for ANSI C header files
configure:5186: gcc -c -g  conftest.c >&5
configure:5186: $? = 0
configure:5259: gcc -o conftest -g   conftest.c  >&5
configure:5259: $? = 0
configure:5259: ./conftest
configure:5259: $? = 0
configure:5270: result: yes
configure:5283: checking for sys/types.h
configure:5283: gcc -c -g  conftest.c >&5
configure:5283: $? = 0
configure:5283: result: yes
configure:5283: checking for sys/stat.h
configure:5283: gcc -c -g  conftest.c >&5
configure:5283: $? = 0
configure:5283: result: yes
configure:5283: checking for stdlib.h
configure:5283: gcc -c -g  conftest.c >&5
configure:5283: $? = 0
configure:5283: result: yes
configure:5283: checking for string.h
configure:5283: gcc -c -g  conftest.c >&5
configure:5283: $? = 0
configure:5283: result: yes
configure:5283: checking for memory.h
configure:5283: gcc -c -g  conftest.c >&5
configure:5283: $? = 0
configure:5283: result: yes
configure:5283: checking for strings.h
configure:5283: gcc -c -g  conftest.c >&5
configure:5283: $? = 0
configure:5283: result: yes
configure:5283: checking for inttypes.h
configure:5283: gcc -c -g  conftest.c >&5
configure:5283: $? = 0
configure:5283: result: yes
configure:5283: checking for stdint.h
configure:5283: gcc -c -g  conftest.c >&5
configure:5283: $? = 0
configure:5283: result: yes
configure:5283: checking for unistd.h
configure:5283: gcc -c -g  conftest.c >&5
configure:5283: $? = 0
configure:5283: result: yes
configure:5297: checking dlfcn.h usability
configure:5297: gcc -c -g  conftest.c >&5
configure:5297: $? = 0
configure:5297: result: yes
configure:5297: checking dlfcn.h presence
configure:5297: gcc -E  conftest.c
configure:5297: $? = 0
configure:5297: result: yes
configure:5297: checking for dlfcn.h
configure:5297: result: yes
configure:5365: checking for g++
configure:5381: found /usr/bin/g++
configure:5392: result: g++
configure:5419: checking for C++ compiler version
configure:5428: g++ --version >&5
g++ (Ubuntu 7.3.0-27ubuntu1~18.04) 7.3.0
Copyright (C) 2017 Free Software Foundation, Inc.
This is free software; see the source for copying conditions.  There is NO
warranty; not even for MERCHANTABILITY or FITNESS FOR A PARTICULAR PURPOSE.

configure:5439: $? = 0
configure:5428: g++ -v >&5
Using built-in specs.
COLLECT_GCC=g++
COLLECT_LTO_WRAPPER=/usr/lib/gcc/x86_64-linux-gnu/7/lto-wrapper
OFFLOAD_TARGET_NAMES=nvptx-none
OFFLOAD_TARGET_DEFAULT=1
Target: x86_64-linux-gnu
Configured with: ../src/configure -v --with-pkgversion='Ubuntu 7.3.0-27ubuntu1~18.04' --with-bugurl=file:///usr/share/doc/gcc-7/README.Bugs --enable-languages=c,ada,c++,go,brig,d,fortran,objc,obj-c++ --prefix=/usr --with-gcc-major-version-only --program-suffix=-7 --program-prefix=x86_64-linux-gnu- --enable-shared --enable-linker-build-id --libexecdir=/usr/lib --without-included-gettext --enable-threads=posix --libdir=/usr/lib --enable-nls --with-sysroot=/ --enable-clocale=gnu --enable-libstdcxx-debug --enable-libstdcxx-time=yes --with-default-libstdcxx-abi=new --enable-gnu-unique-object --disable-vtable-verify --enable-libmpx --enable-plugin --enable-default-pie --with-system-zlib --with-target-system-zlib --enable-objc-gc=auto --enable-multiarch --disable-werror --with-arch-32=i686 --with-abi=m64 --with-multilib-list=m32,m64,mx32 --enable-multilib --with-tune=generic --enable-offload-targets=nvptx-none --without-cuda-driver --enable-checking=release --build=x86_64-linux-gnu --host=x86_64-linux-gnu --target=x86_64-linux-gnu
Thread model: posix
gcc version 7.3.0 (Ubuntu 7.3.0-27ubuntu1~18.04) 
configure:5439: $? = 0
configure:5428: g++ -V >&5
g++: error: unrecognized command line option '-V'
g++: fatal error: no input files
compilation terminated.
configure:5439: $? = 1
configure:5428: g++ -qversion >&5
g++: error: unrecognized command line option '-qversion'; did you mean '--version'?
g++: fatal error: no input files
compilation terminated.
configure:5439: $? = 1
configure:5443: checking whether we are using the GNU C++ compiler
configure:5462: g++ -c   conftest.cpp >&5
configure:5462: $? = 0
configure:5471: result: yes
configure:5480: checking whether g++ accepts -g
configure:5500: g++ -c -g  conftest.cpp >&5
configure:5500: $? = 0
configure:5541: result: yes
configure:5566: checking dependency style of g++
configure:5676: result: gcc3
configure:5701: checking how to run the C++ preprocessor
configure:5728: g++ -E  conftest.cpp
configure:5728: $? = 0
configure:5742: g++ -E  conftest.cpp
conftest.cpp:22:10: fatal error: ac_nonexistent.h: No such file or directory
 #include <ac_nonexistent.h>
          ^~~~~~~~~~~~~~~~~~
compilation terminated.
configure:5742: $? = 1
configure: failed program was:
| /* confdefs.h */
| #define PACKAGE_NAME ""
| #define PACKAGE_TARNAME ""
| #define PACKAGE_VERSION ""
| #define PACKAGE_STRING ""
| #define PACKAGE_BUGREPORT ""
| #define PACKAGE_URL ""
| #define PACKAGE "salsa-lib"
| #define VERSION "0.1.3"
| #define STDC_HEADERS 1
| #define HAVE_SYS_TYPES_H 1
| #define HAVE_SYS_STAT_H 1
| #define HAVE_STDLIB_H 1
| #define HAVE_STRING_H 1
| #define HAVE_MEMORY_H 1
| #define HAVE_STRINGS_H 1
| #define HAVE_INTTYPES_H 1
| #define HAVE_STDINT_H 1
| #define HAVE_UNISTD_H 1
| #define HAVE_DLFCN_H 1
| /* end confdefs.h.  */
| #include <ac_nonexistent.h>
configure:5767: result: g++ -E
configure:5787: g++ -E  conftest.cpp
configure:5787: $? = 0
configure:5801: g++ -E  conftest.cpp
conftest.cpp:22:10: fatal error: ac_nonexistent.h: No such file or directory
 #include <ac_nonexistent.h>
          ^~~~~~~~~~~~~~~~~~
compilation terminated.
configure:5801: $? = 1
configure: failed program was:
| /* confdefs.h */
| #define PACKAGE_NAME ""
| #define PACKAGE_TARNAME ""
| #define PACKAGE_VERSION ""
| #define PACKAGE_STRING ""
| #define PACKAGE_BUGREPORT ""
| #define PACKAGE_URL ""
| #define PACKAGE "salsa-lib"
| #define VERSION "0.1.3"
| #define STDC_HEADERS 1
| #define HAVE_SYS_TYPES_H 1
| #define HAVE_SYS_STAT_H 1
| #define HAVE_STDLIB_H 1
| #define HAVE_STRING_H 1
| #define HAVE_MEMORY_H 1
| #define HAVE_STRINGS_H 1
| #define HAVE_INTTYPES_H 1
| #define HAVE_STDINT_H 1
| #define HAVE_UNISTD_H 1
| #define HAVE_DLFCN_H 1
| /* end confdefs.h.  */
| #include <ac_nonexistent.h>
configure:5885: checking for g77
configure:5915: result: no
configure:5885: checking for xlf
configure:5915: result: no
configure:5885: checking for f77
configure:5915: result: no
configure:5885: checking for frt
configure:5915: result: no
configure:5885: checking for pgf77
configure:5915: result: no
configure:5885: checking for cf77
configure:5915: result: no
configure:5885: checking for fort77
configure:5915: result: no
configure:5885: checking for fl32
configure:5915: result: no
configure:5885: checking for af77
configure:5915: result: no
configure:5885: checking for xlf90
configure:5915: result: no
configure:5885: checking for f90
configure:5915: result: no
configure:5885: checking for pgf90
configure:5915: result: no
configure:5885: checking for pghpf
configure:5915: result: no
configure:5885: checking for epcf90
configure:5915: result: no
configure:5885: checking for gfortran
configure:5915: result: no
configure:5885: checking for g95
configure:5915: result: no
configure:5885: checking for xlf95
configure:5915: result: no
configure:5885: checking for f95
configure:5915: result: no
configure:5885: checking for fort
configure:5915: result: no
configure:5885: checking for ifort
configure:5915: result: no
configure:5885: checking for ifc
configure:5915: result: no
configure:5885: checking for efc
configure:5915: result: no
configure:5885: checking for pgfortran
configure:5915: result: no
configure:5885: checking for pgf95
configure:5915: result: no
configure:5885: checking for lf95
configure:5915: result: no
configure:5885: checking for ftn
configure:5915: result: no
configure:5938: checking for Fortran 77 compiler version
configure:5947:  --version >&5
./configure: line 5949: --version: command not found
configure:5958: $? = 127
configure:5947:  -v >&5
./configure: line 5949: -v: command not found
configure:5958: $? = 127
configure:5947:  -V >&5
./configure: line 5949: -V: command not found
configure:5958: $? = 127
configure:5947:  -qversion >&5
./configure: line 5949: -qversion: command not found
configure:5958: $? = 127
configure:5967: checking whether we are using the GNU Fortran 77 compiler
configure:5980:  -c  conftest.F >&5
./configure: line 2190: -c: command not found
configure:5980: $? = 127
configure: failed program was:
|       program main
| #ifndef __GNUC__
|        choke me
| #endif
| 
|       end
configure:5989: result: no
configure:5995: checking whether  accepts -g
configure:6006:  -c -g conftest.f >&5
./configure: line 2190: -c: command not found
configure:6006: $? = 127
configure: failed program was:
|       program main
| 
|       end
configure:6014: result: no
configure:6047: checking the maximum length of command line arguments
configure:6159: result: 1572864
configure:6171: checking command to parse /usr/bin/nm -B output from gcc object
configure:6276: gcc -c -g  conftest.c >&5
configure:6279: $? = 0
configure:6283: /usr/bin/nm -B conftest.o \| sed -n -e 's/^.*[ 	]\([ABCDGIRSTW][ABCDGIRSTW]*\)[ 	][ 	]*\([_A-Za-z][_A-Za-z0-9]*\)$/\1 \2 \2/p' \> conftest.nm
configure:6286: $? = 0
configure:6338: gcc -o conftest -g   conftest.c conftstm.o >&5
configure:6341: $? = 0
configure:6379: result: ok
configure:6383: checking for objdir
configure:6398: result: .libs
configure:6490: checking for ar
configure:6506: found /usr/bin/ar
configure:6517: result: ar
configure:6582: checking for ranlib
configure:6598: found /usr/bin/ranlib
configure:6609: result: ranlib
configure:6674: checking for strip
configure:6690: found /usr/bin/strip
configure:6701: result: strip
configure:7262: checking if gcc supports -fno-rtti -fno-exceptions
configure:7280: gcc -c -g  -fno-rtti -fno-exceptions conftest.c >&5
cc1: warning: command line option '-fno-rtti' is valid for C++/ObjC++ but not for C
configure:7284: $? = 0
configure:7297: result: no
configure:7312: checking for gcc option to produce PIC
configure:7544: result: -fPIC
configure:7552: checking if gcc PIC flag -fPIC works
configure:7570: gcc -c -g  -fPIC -DPIC conftest.c >&5
configure:7574: $? = 0
configure:7587: result: yes
configure:7615: checking if gcc static flag -static works
configure:7643: result: yes
configure:7653: checking if gcc supports -c -o file.o
configure:7674: gcc -c -g  -o out/conftest2.o conftest.c >&5
configure:7678: $? = 0
configure:7700: result: yes
configure:7726: checking whether the gcc linker (/usr/bin/ld -m elf_x86_64) supports shared libraries
configure:8652: result: yes
configure:8673: checking whether -lc should be explicitly linked in
configure:8678: gcc -c -g  conftest.c >&5
configure:8681: $? = 0
configure:8696: gcc -shared conftest.o  -v -Wl,-soname -Wl,conftest -o conftest 2\>\&1 \| grep  -lc  \>/dev/null 2\>\&1
configure:8699: $? = 0
configure:8711: result: no
configure:8719: checking dynamic linker characteristics
configure:9321: result: GNU/Linux ld.so
configure:9345: checking how to hardcode library paths into programs
configure:9370: result: immediate
configure:9384: checking whether stripping libraries is possible
configure:9389: result: yes
configure:9906: checking if libtool supports shared libraries
configure:9908: result: yes
configure:9911: checking whether to build shared libraries
configure:9932: result: yes
configure:9935: checking whether to build static libraries
configure:9939: result: yes
configure:10033: creating libtool
configure:10622: checking for ld used by g++
configure:10689: result: /usr/bin/ld -m elf_x86_64
configure:10696: checking if the linker (/usr/bin/ld -m elf_x86_64) is GNU ld
configure:10711: result: yes
configure:10762: checking whether the g++ linker (/usr/bin/ld -m elf_x86_64) supports shared libraries
configure:11654: result: yes
configure:11671: g++ -c -g  conftest.cpp >&5
configure:11674: $? = 0
configure:11830: checking for g++ option to produce PIC
configure:12114: result: -fPIC
configure:12122: checking if g++ PIC flag -fPIC works
configure:12140: g++ -c -g  -fPIC -DPIC conftest.cpp >&5
configure:12144: $? = 0
configure:12157: result: yes
configure:12185: checking if g++ static flag -static works
configure:12213: result: yes
configure:12223: checking if g++ supports -c -o file.o
configure:12244: g++ -c -g  -o out/conftest2.o conftest.cpp >&5
configure:12248: $? = 0
configure:12270: result: yes
configure:12296: checking whether the g++ linker (/usr/bin/ld -m elf_x86_64) supports shared libraries
configure:12322: result: yes
configure:12389: checking dynamic linker characteristics
configure:12939: result: GNU/Linux ld.so
configure:12963: checking how to hardcode library paths into programs
configure:12988: result: immediate
configure:19105: checking for ANSI C header files
configure:19209: result: yes
configure:19245: checking for ALSA device file directory
configure:19257: result: /dev/snd
configure:19571: checking for symbolic-functions
configure:19575: result: yes
configure:19810: creating ./config.status

## ---------------------- ##
## Running config.status. ##
## ---------------------- ##

This file was extended by config.status, which was
generated by GNU Autoconf 2.68.  Invocation command line was

  CONFIG_FILES    = 
  CONFIG_HEADERS  = 
  CONFIG_LINKS    = 
  CONFIG_COMMANDS = 
  $ ./config.status 

on yanl1229-Vostro-3653

config.status:849: creating Makefile
config.status:849: creating alsa.pc
config.status:849: creating src/Makefile
config.status:849: creating src/recipe.h
config.status:849: creating src/version.h
config.status:1021: executing depfiles commands

## ---------------- ##
## Cache variables. ##
## ---------------- ##

ac_cv_build=x86_64-unknown-linux-gnu
ac_cv_c_compiler_gnu=yes
ac_cv_cxx_compiler_gnu=yes
ac_cv_env_CCC_set=
ac_cv_env_CCC_value=
ac_cv_env_CC_set=
ac_cv_env_CC_value=
ac_cv_env_CFLAGS_set=
ac_cv_env_CFLAGS_value=
ac_cv_env_CPPFLAGS_set=
ac_cv_env_CPPFLAGS_value=
ac_cv_env_CPP_set=
ac_cv_env_CPP_value=
ac_cv_env_CXXCPP_set=
ac_cv_env_CXXCPP_value=
ac_cv_env_CXXFLAGS_set=
ac_cv_env_CXXFLAGS_value=
ac_cv_env_CXX_set=
ac_cv_env_CXX_value=
ac_cv_env_F77_set=
ac_cv_env_F77_value=
ac_cv_env_FFLAGS_set=
ac_cv_env_FFLAGS_value=
ac_cv_env_LDFLAGS_set=
ac_cv_env_LDFLAGS_value=
ac_cv_env_LIBS_set=
ac_cv_env_LIBS_value=
ac_cv_env_build_alias_set=
ac_cv_env_build_alias_value=
ac_cv_env_host_alias_set=
ac_cv_env_host_alias_value=
ac_cv_env_target_alias_set=
ac_cv_env_target_alias_value=
ac_cv_f77_compiler_gnu=no
ac_cv_header_dlfcn_h=yes
ac_cv_header_inttypes_h=yes
ac_cv_header_memory_h=yes
ac_cv_header_stdc=yes
ac_cv_header_stdint_h=yes
ac_cv_header_stdlib_h=yes
ac_cv_header_string_h=yes
ac_cv_header_strings_h=yes
ac_cv_header_sys_stat_h=yes
ac_cv_header_sys_types_h=yes
ac_cv_header_unistd_h=yes
ac_cv_host=x86_64-unknown-linux-gnu
ac_cv_objext=o
ac_cv_path_EGREP='/bin/grep -E'
ac_cv_path_GREP=/bin/grep
ac_cv_path_install='/usr/bin/install -c'
ac_cv_path_mkdir=/bin/mkdir
ac_cv_prog_AWK=gawk
ac_cv_prog_CPP='gcc -E'
ac_cv_prog_CXXCPP='g++ -E'
ac_cv_prog_ac_ct_AR=ar
ac_cv_prog_ac_ct_CC=gcc
ac_cv_prog_ac_ct_CXX=g++
ac_cv_prog_ac_ct_RANLIB=ranlib
ac_cv_prog_ac_ct_STRIP=strip
ac_cv_prog_cc_c89=
ac_cv_prog_cc_g=yes
ac_cv_prog_cxx_g=yes
ac_cv_prog_f77_g=no
ac_cv_prog_make_make_set=yes
am_cv_CC_dependencies_compiler_type=gcc3
am_cv_CXX_dependencies_compiler_type=gcc3
lt_cv_deplibs_check_method=pass_all
lt_cv_file_magic_cmd='$MAGIC_CMD'
lt_cv_file_magic_test_file=
lt_cv_ld_reload_flag=-r
lt_cv_objdir=.libs
lt_cv_path_LD=/usr/bin/ld
lt_cv_path_LDCXX='/usr/bin/ld -m elf_x86_64'
lt_cv_path_NM='/usr/bin/nm -B'
lt_cv_path_SED=/bin/sed
lt_cv_prog_compiler_c_o=yes
lt_cv_prog_compiler_c_o_CXX=yes
lt_cv_prog_compiler_pic_works=yes
lt_cv_prog_compiler_pic_works_CXX=yes
lt_cv_prog_compiler_rtti_exceptions=no
lt_cv_prog_compiler_static_works=yes
lt_cv_prog_compiler_static_works_CXX=yes
lt_cv_prog_gnu_ld=yes
lt_cv_prog_gnu_ldcxx=yes
lt_cv_sys_global_symbol_pipe='sed -n -e '\''s/^.*[ 	]\([ABCDGIRSTW][ABCDGIRSTW]*\)[ 	][ 	]*\([_A-Za-z][_A-Za-z0-9]*\)$/\1 \2 \2/p'\'''
lt_cv_sys_global_symbol_to_c_name_address='sed -n -e '\''s/^: \([^ ]*\) $/  {\"\1\", (lt_ptr) 0},/p'\'' -e '\''s/^[BCDEGRST] \([^ ]*\) \([^ ]*\)$/  {"\2", (lt_ptr) \&\2},/p'\'''
lt_cv_sys_global_symbol_to_cdecl='sed -n -e '\''s/^. .* \(.*\)$/extern int \1;/p'\'''
lt_cv_sys_lib_dlsearch_path_spec='/lib /usr/lib /usr/lib/x86_64-linux-gnu/libfakeroot /usr/local/lib/i386-linux-gnu /lib/i386-linux-gnu /usr/lib/i386-linux-gnu /usr/local/lib/i686-linux-gnu /lib/i686-linux-gnu /usr/lib/i686-linux-gnu /usr/local/lib /usr/local/lib/x86_64-linux-gnu /lib/x86_64-linux-gnu /usr/lib/x86_64-linux-gnu /lib32 /usr/lib32 /libx32 /usr/libx32 '
lt_cv_sys_lib_search_path_spec='/usr/lib/gcc/x86_64-linux-gnu/7 /usr/lib/x86_64-linux-gnu /usr/lib /lib/x86_64-linux-gnu /lib'
lt_cv_sys_max_cmd_len=1572864
lt_lt_cv_prog_compiler_c_o='"yes"'
lt_lt_cv_prog_compiler_c_o_CXX='"yes"'
lt_lt_cv_sys_global_symbol_pipe='"sed -n -e '\''s/^.*[ 	]\\([ABCDGIRSTW][ABCDGIRSTW]*\\)[ 	][ 	]*\\([_A-Za-z][_A-Za-z0-9]*\\)\$/\\1 \\2 \\2/p'\''"'
lt_lt_cv_sys_global_symbol_to_c_name_address='"sed -n -e '\''s/^: \\([^ ]*\\) \$/  {\\\"\\1\\\", (lt_ptr) 0},/p'\'' -e '\''s/^[BCDEGRST] \\([^ ]*\\) \\([^ ]*\\)\$/  {\"\\2\", (lt_ptr) \\&\\2},/p'\''"'
lt_lt_cv_sys_global_symbol_to_cdecl='"sed -n -e '\''s/^. .* \\(.*\\)\$/extern int \\1;/p'\''"'

## ----------------- ##
## Output variables. ##
## ----------------- ##

ACLOCAL='${SHELL} /home/yanl1229/source/modules/sound/salsa-lib-0.1.3/missing --run aclocal-1.11'
AMDEPBACKSLASH='\'
AMDEP_FALSE='#'
AMDEP_TRUE=''
AMTAR='${SHELL} /home/yanl1229/source/modules/sound/salsa-lib-0.1.3/missing --run tar'
AR='ar'
AUTOCONF='${SHELL} /home/yanl1229/source/modules/sound/salsa-lib-0.1.3/missing --run autoconf'
AUTOHEADER='${SHELL} /home/yanl1229/source/modules/sound/salsa-lib-0.1.3/missing --run autoheader'
AUTOMAKE='${SHELL} /home/yanl1229/source/modules/sound/salsa-lib-0.1.3/missing --run automake-1.11'
AWK='gawk'
BUILD_ASYNC_FALSE=''
BUILD_ASYNC_TRUE='#'
BUILD_CONF_FALSE=''
BUILD_CONF_TRUE='#'
BUILD_HWDEP_FALSE=''
BUILD_HWDEP_TRUE='#'
BUILD_MIXER_FALSE='#'
BUILD_MIXER_TRUE=''
BUILD_PCM_FALSE='#'
BUILD_PCM_TRUE=''
BUILD_RAWMIDI_FALSE=''
BUILD_RAWMIDI_TRUE='#'
BUILD_SEQ_FALSE=''
BUILD_SEQ_TRUE='#'
BUILD_TIMER_FALSE=''
BUILD_TIMER_TRUE='#'
CC='gcc'
CCDEPMODE='depmode=gcc3'
CFLAGS='-g'
COMPAT_ABI_FALSE=''
COMPAT_ABI_TRUE='#'
CPP='gcc -E'
CPPFLAGS=''
CXX='g++'
CXXCPP='g++ -E'
CXXDEPMODE='depmode=gcc3'
CXXFLAGS='-g'
CYGPATH_W='echo'
DEFS='-DPACKAGE_NAME=\"\" -DPACKAGE_TARNAME=\"\" -DPACKAGE_VERSION=\"\" -DPACKAGE_STRING=\"\" -DPACKAGE_BUGREPORT=\"\" -DPACKAGE_URL=\"\" -DPACKAGE=\"salsa-lib\" -DVERSION=\"0.1.3\" -DSTDC_HEADERS=1 -DHAVE_SYS_TYPES_H=1 -DHAVE_SYS_STAT_H=1 -DHAVE_STDLIB_H=1 -DHAVE_STRING_H=1 -DHAVE_MEMORY_H=1 -DHAVE_STRINGS_H=1 -DHAVE_INTTYPES_H=1 -DHAVE_STDINT_H=1 -DHAVE_UNISTD_H=1 -DHAVE_DLFCN_H=1 -DSTDC_HEADERS=1 -DDELIGHT_VALGRIND=1'
DEPDIR='.deps'
DEVPATH='/dev/snd'
DSYMUTIL=''
ECHO='echo'
ECHO_C=''
ECHO_N='-n'
ECHO_T=''
EGREP='/bin/grep -E'
EXEEXT=''
F77=''
FFLAGS=''
GREP='/bin/grep'
INSTALL_DATA='${INSTALL} -m 644'
INSTALL_PROGRAM='${INSTALL}'
INSTALL_SCRIPT='${INSTALL}'
INSTALL_STRIP_PROGRAM='$(install_sh) -c -s'
LDFLAGS=''
LIBOBJS=''
LIBS=''
LIBTOOL='$(SHELL) $(top_builddir)/libtool'
LN_S='ln -s'
LTLIBOBJS=''
MAKEINFO='${SHELL} /home/yanl1229/source/modules/sound/salsa-lib-0.1.3/missing --run makeinfo'
MKDIR_P='/bin/mkdir -p'
NMEDIT=''
OBJEXT='o'
PACKAGE='salsa-lib'
PACKAGE_BUGREPORT=''
PACKAGE_NAME=''
PACKAGE_STRING=''
PACKAGE_TARNAME=''
PACKAGE_URL=''
PACKAGE_VERSION=''
PATH_SEPARATOR=':'
RANLIB='ranlib'
SALSA_CHECK_ABI='0'
SALSA_DEPLIBS=''
SALSA_HAS_ASYNC_SUPPORT='0'
SALSA_HAS_DUMMY_CONF='0'
SALSA_HAS_TLV_SUPPORT='0'
SALSA_HAS_USER_ELEM_SUPPORT='1'
SALSA_MARK_DEPRECATED='1'
SALSA_SUPPORT_4BIT_PCM='1'
SALSA_SUPPORT_FLOAT='0'
SALSA_SUPPORT_OUTPUT_BUFFER='0'
SED='/bin/sed'
SET_MAKE=''
SHELL='/bin/bash'
SND_LIB_EXTRAVER='1000000'
SND_LIB_MAJOR='1'
SND_LIB_MINOR='0'
SND_LIB_SUBMINOR='25'
SND_LIB_VERSION='1.0.25'
STRIP='strip'
SYMBOLIC_FUNCTIONS_FALSE='#'
SYMBOLIC_FUNCTIONS_TRUE=''
VERSION='0.1.3'
ac_ct_CC='gcc'
ac_ct_CXX='g++'
ac_ct_F77=''
am__EXEEXT_FALSE=''
am__EXEEXT_TRUE='#'
am__fastdepCC_FALSE='#'
am__fastdepCC_TRUE=''
am__fastdepCXX_FALSE='#'
am__fastdepCXX_TRUE=''
am__include='include'
am__isrc=''
am__leading_dot='.'
am__quote=''
am__tar='${AMTAR} chof - "$$tardir"'
am__untar='${AMTAR} xf -'
bindir='${exec_prefix}/bin'
build='x86_64-unknown-linux-gnu'
build_alias=''
build_cpu='x86_64'
build_os='linux-gnu'
build_vendor='unknown'
datadir='${datarootdir}'
datarootdir='${prefix}/share'
docdir='${datarootdir}/doc/${PACKAGE}'
dvidir='${docdir}'
exec_prefix='${prefix}'
host='x86_64-unknown-linux-gnu'
host_alias=''
host_cpu='x86_64'
host_os='linux-gnu'
host_vendor='unknown'
htmldir='${docdir}'
includedir='${prefix}/include'
infodir='${datarootdir}/info'
install_sh='${SHELL} /home/yanl1229/source/modules/sound/salsa-lib-0.1.3/install-sh'
libdir='${exec_prefix}/lib'
libexecdir='${exec_prefix}/libexec'
localedir='${datarootdir}/locale'
localstatedir='${prefix}/var'
mandir='${datarootdir}/man'
mkdir_p='/bin/mkdir -p'
oldincludedir='/usr/include'
pdfdir='${docdir}'
prefix='/usr'
program_transform_name='s,x,x,'
psdir='${docdir}'
sbindir='${exec_prefix}/sbin'
sharedstatedir='${prefix}/com'
sysconfdir='${prefix}/etc'
target_alias=''

## ----------- ##
## confdefs.h. ##
## ----------- ##

/* confdefs.h */
#define PACKAGE_NAME ""
#define PACKAGE_TARNAME ""
#define PACKAGE_VERSION ""
#define PACKAGE_STRING ""
#define PACKAGE_BUGREPORT ""
#define PACKAGE_URL ""
#define PACKAGE "salsa-lib"
#define VERSION "0.1.3"
#define STDC_HEADERS 1
#define HAVE_SYS_TYPES_H 1
#define HAVE_SYS_STAT_H 1
#define HAVE_STDLIB_H 1
#define HAVE_STRING_H 1
#define HAVE_MEMORY_H 1
#define HAVE_STRINGS_H 1
#define HAVE_INTTYPES_H 1
#define HAVE_STDINT_H 1
#define HAVE_UNISTD_H 1
#define HAVE_DLFCN_H 1
#define STDC_HEADERS 1
#define DELIGHT_VALGRIND 1

configure: exit 0
